<?xml version="1.0" encoding="UTF-8"?>
<testsuite name="_GroovyIntroductionGradle.LibraryTest" tests="1" skipped="0" failures="0" errors="0" timestamp="2024-02-22T10:08:16" hostname="master" time="0.015">
  <properties/>
  <testcase name="someLibraryMethodReturnsTrue()" classname="_GroovyIntroductionGradle.LibraryTest" time="0.015"/>
  <system-out><![CDATA[]]></system-out>
  <system-err><![CDATA[]]></system-err>
</testsuite>
